0 info it worked if it ends with ok
1 verbose cli [ '/usr/bin/nodejs', '/usr/local/bin/npm', 'start' ]
2 info using npm@3.3.12
3 info using node@v4.2.6
4 verbose run-script [ 'prestart', 'start', 'poststart' ]
5 info lifecycle home-ci@1.0.0~prestart: home-ci@1.0.0
6 silly lifecycle home-ci@1.0.0~prestart: no script for prestart, continuing
7 info lifecycle home-ci@1.0.0~start: home-ci@1.0.0
8 verbose lifecycle home-ci@1.0.0~start: unsafe-perm in lifecycle true
9 verbose lifecycle home-ci@1.0.0~start: PATH: /usr/local/lib/node_modules/npm/bin/node-gyp-bin:/home/marcelo/Documents/Projects/home-ci/node_modules/.bin:/usr/local/sbin:/usr/local/bin:/usr/sbin:/usr/bin:/sbin:/bin:/usr/games:/usr/local/games:$ANDROID_HOME/tools:$JAVA_HOME/bin:$ANDROID_HOME/platform-tools
10 verbose lifecycle home-ci@1.0.0~start: CWD: /home/marcelo/Documents/Projects/home-ci
11 silly lifecycle home-ci@1.0.0~start: Args: [ '-c', 'node js/router.js' ]
12 silly lifecycle home-ci@1.0.0~start: Returned: code: 1  signal: null
13 info lifecycle home-ci@1.0.0~start: Failed to exec start script
14 verbose stack Error: home-ci@1.0.0 start: `node js/router.js`
14 verbose stack Exit status 1
14 verbose stack     at EventEmitter.<anonymous> (/usr/local/lib/node_modules/npm/lib/utils/lifecycle.js:232:16)
14 verbose stack     at emitTwo (events.js:87:13)
14 verbose stack     at EventEmitter.emit (events.js:172:7)
14 verbose stack     at ChildProcess.<anonymous> (/usr/local/lib/node_modules/npm/lib/utils/spawn.js:24:14)
14 verbose stack     at emitTwo (events.js:87:13)
14 verbose stack     at ChildProcess.emit (events.js:172:7)
14 verbose stack     at maybeClose (internal/child_process.js:821:16)
14 verbose stack     at Process.ChildProcess._handle.onexit (internal/child_process.js:211:5)
15 verbose pkgid home-ci@1.0.0
16 verbose cwd /home/marcelo/Documents/Projects/home-ci
17 error Linux 3.19.0-31-generic
18 error argv "/usr/bin/nodejs" "/usr/local/bin/npm" "start"
19 error node v4.2.6
20 error npm  v3.3.12
21 error code ELIFECYCLE
22 error home-ci@1.0.0 start: `node js/router.js`
22 error Exit status 1
23 error Failed at the home-ci@1.0.0 start script 'node js/router.js'.
23 error Make sure you have the latest version of node.js and npm installed.
23 error If you do, this is most likely a problem with the home-ci package,
23 error not with npm itself.
23 error Tell the author that this fails on your system:
23 error     node js/router.js
23 error You can get their info via:
23 error     npm owner ls home-ci
23 error There is likely additional logging output above.
24 verbose exit [ 1, true ]
